Build started 3/27/2013 10:55:39 PM.
     1>Project "C:\Users\coybit\Documents\Visual Studio 2010\Projects\Rovie\Rovie\IdleDetector\IdleDetector.vcxproj" on node 2 (build target(s)).
     1>InitializeBuildStatus:
         Creating "Debug\IdleDetector.unsuccessfulbuild" because "AlwaysCreate" was specified.
       ClCompile:
         C:\Program Files\Microsoft Visual Studio 10.0\VC\bin\CL.exe /c /ZI /nologo /W3 /WX- /Od /Oy- /D WIN32 /D _DEBUG /D _CONSOLE /D _UNICODE /D UNICODE /Gm /EHsc /RTC1 /MDd /GS /fp:precise /Zc:wchar_t /Zc:forScope /Fo"Debug\\" /Fd"Debug\vc100.pdb" /Gd /TP /analyze- /errorReport:prompt main.cpp
         main.cpp
     1>c:\users\coybit\documents\visual studio 2010\projects\rovie\rovie\idledetector\main.cpp(67): warning C4482: nonstandard extension used: enum 'EventType' used in qualified name
     1>c:\users\coybit\documents\visual studio 2010\projects\rovie\rovie\idledetector\main.cpp(147): warning C4996: 'fopen': This function or variable may be unsafe. Consider using fopen_s instead. To disable deprecation, use _CRT_SECURE_NO_WARNINGS. See online help for details.
                 c:\program files\microsoft visual studio 10.0\vc\include\stdio.h(234) : see declaration of 'fopen'
     1>c:\users\coybit\documents\visual studio 2010\projects\rovie\rovie\idledetector\main.cpp(182): warning C4996: 'fopen': This function or variable may be unsafe. Consider using fopen_s instead. To disable deprecation, use _CRT_SECURE_NO_WARNINGS. See online help for details.
                 c:\program files\microsoft visual studio 10.0\vc\include\stdio.h(234) : see declaration of 'fopen'
     1>c:\users\coybit\documents\visual studio 2010\projects\rovie\rovie\idledetector\main.cpp(197): warning C4482: nonstandard extension used: enum 'EventType' used in qualified name
     1>c:\users\coybit\documents\visual studio 2010\projects\rovie\rovie\idledetector\main.cpp(201): warning C4018: '<' : signed/unsigned mismatch
     1>c:\users\coybit\documents\visual studio 2010\projects\rovie\rovie\idledetector\main.cpp(204): warning C4244: 'initializing' : conversion from 'double' to 'BYTE', possible loss of data
     1>c:\users\coybit\documents\visual studio 2010\projects\rovie\rovie\idledetector\main.cpp(205): warning C4482: nonstandard extension used: enum 'EventType' used in qualified name
     1>c:\users\coybit\documents\visual studio 2010\projects\rovie\rovie\idledetector\main.cpp(212): warning C4244: 'initializing' : conversion from 'double' to 'BYTE', possible loss of data
     1>c:\users\coybit\documents\visual studio 2010\projects\rovie\rovie\idledetector\main.cpp(213): warning C4482: nonstandard extension used: enum 'EventType' used in qualified name
     1>c:\users\coybit\documents\visual studio 2010\projects\rovie\rovie\idledetector\main.cpp(162): warning C4101: 'idleDB' : unreferenced local variable
         All outputs are up-to-date.
       ManifestResourceCompile:
         All outputs are up-to-date.
       Link:
         C:\Program Files\Microsoft Visual Studio 10.0\VC\bin\link.exe /ERRORREPORT:PROMPT /OUT:"C:\Users\coybit\Documents\Visual Studio 2010\Projects\Rovie\Rovie\Debug\IdleDetector.exe" /INCREMENTAL /NOLOGO "sigar-x86-winnt.lib" kernel32.lib user32.lib gdi32.lib winspool.lib comdlg32.lib advapi32.lib shell32.lib ole32.lib oleaut32.lib uuid.lib odbc32.lib odbccp32.lib /MANIFEST /ManifestFile:"Debug\IdleDetector.exe.intermediate.manifest" /MANIFESTUAC:"level='asInvoker' uiAccess='false'" /DEBUG /PDB:"C:\Users\coybit\Documents\Visual Studio 2010\Projects\Rovie\Rovie\Debug\IdleDetector.pdb" /SUBSYSTEM:CONSOLE /TLBID:1 /DYNAMICBASE /NXCOMPAT /IMPLIB:"C:\Users\coybit\Documents\Visual Studio 2010\Projects\Rovie\Rovie\Debug\IdleDetector.lib" /MACHINE:X86 Debug\IdleDetector.exe.embed.manifest.res
         Debug\Column.obj
         Debug\Database.obj
         Debug\Log.obj
         Debug\main.obj
         Debug\sqlite3.obj
         Debug\Statement.obj
         Debug\Transaction.obj
         "sigar-bin\lib\sigar-x86-winnt.lib"
       Manifest:
         C:\Program Files\Microsoft SDKs\Windows\v7.0A\bin\mt.exe /nologo /verbose /out:"Debug\IdleDetector.exe.embed.manifest" /manifest Debug\IdleDetector.exe.intermediate.manifest
         All outputs are up-to-date.
       LinkEmbedManifest:
         All outputs are up-to-date.
         IdleDetector.vcxproj -> C:\Users\coybit\Documents\Visual Studio 2010\Projects\Rovie\Rovie\Debug\IdleDetector.exe
       FinalizeBuildStatus:
         Deleting file "Debug\IdleDetector.unsuccessfulbuild".
         Touching "Debug\IdleDetector.lastbuildstate".
     1>Done Building Project "C:\Users\coybit\Documents\Visual Studio 2010\Projects\Rovie\Rovie\IdleDetector\IdleDetector.vcxproj" (build target(s)).

Build succeeded.

Time Elapsed 00:00:01.20
