C:\USERS\COYBIT\DOCUMENTS\VISUAL STUDIO 2010\PROJECTS\ROVIE\ROVIE\DEBUG\IDLEDETECTOR.EXE
C:\USERS\COYBIT\DOCUMENTS\VISUAL STUDIO 2010\PROJECTS\ROVIE\ROVIE\DEBUG\IDLEDETECTOR.ILK
C:\USERS\COYBIT\DOCUMENTS\VISUAL STUDIO 2010\PROJECTS\ROVIE\ROVIE\DEBUG\IDLEDETECTOR.PDB
C:\Users\coybit\Documents\Visual Studio 2010\Projects\Rovie\Rovie\IdleDetector\Debug\cl.command.1.tlog
C:\Users\coybit\Documents\Visual Studio 2010\Projects\Rovie\Rovie\IdleDetector\Debug\CL.read.1.tlog
C:\Users\coybit\Documents\Visual Studio 2010\Projects\Rovie\Rovie\IdleDetector\Debug\CL.write.1.tlog
C:\USERS\COYBIT\DOCUMENTS\VISUAL STUDIO 2010\PROJECTS\ROVIE\ROVIE\IDLEDETECTOR\DEBUG\IDLEDETECTOR.EXE.EMBED.MANIFEST
C:\USERS\COYBIT\DOCUMENTS\VISUAL STUDIO 2010\PROJECTS\ROVIE\ROVIE\IDLEDETECTOR\DEBUG\IDLEDETECTOR.EXE.EMBED.MANIFEST.RES
C:\USERS\COYBIT\DOCUMENTS\VISUAL STUDIO 2010\PROJECTS\ROVIE\ROVIE\IDLEDETECTOR\DEBUG\IDLEDETECTOR.EXE.INTERMEDIATE.MANIFEST
C:\Users\coybit\Documents\Visual Studio 2010\Projects\Rovie\Rovie\IdleDetector\Debug\IdleDetector_manifest.rc
C:\Users\coybit\Documents\Visual Studio 2010\Projects\Rovie\Rovie\IdleDetector\Debug\link.5780.read.1.tlog
C:\Users\coybit\Documents\Visual Studio 2010\Projects\Rovie\Rovie\IdleDetector\Debug\link.5780.write.1.tlog
C:\Users\coybit\Documents\Visual Studio 2010\Projects\Rovie\Rovie\IdleDetector\Debug\link.5780-cvtres.read.1.tlog
C:\Users\coybit\Documents\Visual Studio 2010\Projects\Rovie\Rovie\IdleDetector\Debug\link.5780-cvtres.write.1.tlog
C:\Users\coybit\Documents\Visual Studio 2010\Projects\Rovie\Rovie\IdleDetector\Debug\link.command.1.tlog
C:\Users\coybit\Documents\Visual Studio 2010\Projects\Rovie\Rovie\IdleDetector\Debug\link.read.1.tlog
C:\Users\coybit\Documents\Visual Studio 2010\Projects\Rovie\Rovie\IdleDetector\Debug\link.write.1.tlog
C:\Users\coybit\Documents\Visual Studio 2010\Projects\Rovie\Rovie\IdleDetector\Debug\link-cvtres.read.1.tlog
C:\Users\coybit\Documents\Visual Studio 2010\Projects\Rovie\Rovie\IdleDetector\Debug\link-cvtres.write.1.tlog
C:\USERS\COYBIT\DOCUMENTS\VISUAL STUDIO 2010\PROJECTS\ROVIE\ROVIE\IDLEDETECTOR\DEBUG\MAIN.OBJ
C:\Users\coybit\Documents\Visual Studio 2010\Projects\Rovie\Rovie\IdleDetector\Debug\mt.command.1.tlog
C:\Users\coybit\Documents\Visual Studio 2010\Projects\Rovie\Rovie\IdleDetector\Debug\mt.read.1.tlog
C:\Users\coybit\Documents\Visual Studio 2010\Projects\Rovie\Rovie\IdleDetector\Debug\mt.write.1.tlog
C:\Users\coybit\Documents\Visual Studio 2010\Projects\Rovie\Rovie\IdleDetector\Debug\rc.command.1.tlog
C:\Users\coybit\Documents\Visual Studio 2010\Projects\Rovie\Rovie\IdleDetector\Debug\rc.read.1.tlog
C:\Users\coybit\Documents\Visual Studio 2010\Projects\Rovie\Rovie\IdleDetector\Debug\rc.write.1.tlog
C:\Users\coybit\Documents\Visual Studio 2010\Projects\Rovie\Rovie\IdleDetector\Debug\vc100.idb
C:\USERS\COYBIT\DOCUMENTS\VISUAL STUDIO 2010\PROJECTS\ROVIE\ROVIE\IDLEDETECTOR\DEBUG\VC100.PDB
